\BOOKMARK [0][-]{part.1}{I General Information}{}% 1
\BOOKMARK [1][-]{section.1}{Contact Information}{part.1}% 2
\BOOKMARK [1][-]{section.2}{Office Hours}{part.1}% 3
\BOOKMARK [0][-]{part.2}{II Functions}{}% 4
\BOOKMARK [1][-]{section.3}{Notation}{part.2}% 5
\BOOKMARK [1][-]{section.4}{Basic Definitions}{part.2}% 6
\BOOKMARK [1][-]{section.5}{Inverse of a Function}{part.2}% 7
\BOOKMARK [1][-]{section.6}{Elementary Operations between Functions}{part.2}% 8
\BOOKMARK [1][-]{section.7}{Composite Functions}{part.2}% 9
\BOOKMARK [1][-]{section.8}{Elementary Functions}{part.2}% 10
\BOOKMARK [2][-]{subsection.8.1}{Polynomial}{section.8}% 11
\BOOKMARK [2][-]{subsection.8.2}{Power Function}{section.8}% 12
\BOOKMARK [2][-]{subsection.8.3}{Exponential Function}{section.8}% 13
\BOOKMARK [2][-]{subsection.8.4}{Logarithmic Function}{section.8}% 14
\BOOKMARK [2][-]{subsection.8.5}{Trigonometric Functions}{section.8}% 15
\BOOKMARK [2][-]{subsection.8.6}{Inverse Trigonometeric Functions}{section.8}% 16
\BOOKMARK [2][-]{subsection.8.7}{Hyperbolic Functions}{section.8}% 17
\BOOKMARK [3][-]{subsubsection.8.7.1}{Identities of Hyperbolic Functions}{subsection.8.7}% 18
\BOOKMARK [2][-]{subsection.8.8}{Absolute Value}{section.8}% 19
\BOOKMARK [2][-]{subsection.8.9}{Floor Function}{section.8}% 20
\BOOKMARK [0][-]{part.3}{III Limits and Continuity}{}% 21
\BOOKMARK [1][-]{section.9}{A Classification of Discontinuity Points}{part.3}% 22
\BOOKMARK [1][-]{section.10}{Infinite Limits}{part.3}% 23
\BOOKMARK [1][-]{section.11}{Known Limits}{part.3}% 24
\BOOKMARK [1][-]{section.12}{Examples}{part.3}% 25
\BOOKMARK [0][-]{part.4}{IV Derivatives}{}% 26
\BOOKMARK [1][-]{section.13}{Derivative of a Function}{part.4}% 27
\BOOKMARK [2][-]{subsection.13.1}{Algebraic Definition}{section.13}% 28
\BOOKMARK [2][-]{subsection.13.2}{Geometrical Interpretation}{section.13}% 29
\BOOKMARK [2][-]{subsection.13.3}{Notation}{section.13}% 30
\BOOKMARK [1][-]{section.14}{Derivative Function}{part.4}% 31
\BOOKMARK [1][-]{section.15}{The Tangent Line}{part.4}% 32
\BOOKMARK [1][-]{section.16}{The Normal Line}{part.4}% 33
\BOOKMARK [2][-]{subsection.16.1}{Proofs of Standard Derivatives}{section.16}% 34
\BOOKMARK [3][-]{subsubsection.16.1.1}{y = f\(x\) = c}{subsection.16.1}% 35
\BOOKMARK [3][-]{subsubsection.16.1.2}{y = f\(x\) = xn ; n N}{subsection.16.1}% 36
\BOOKMARK [3][-]{subsubsection.16.1.3}{y = f\(x\) = x-n ; n N, x =0}{subsection.16.1}% 37
\BOOKMARK [3][-]{subsubsection.16.1.4}{y = f\(x\) = sinx}{subsection.16.1}% 38
\BOOKMARK [2][-]{subsection.16.2}{Examples}{section.16}% 39
\BOOKMARK [1][-]{section.17}{Lagrange Theorem}{part.4}% 40
\BOOKMARK [1][-]{section.18}{Theorem}{part.4}% 41
